<?xml version="1.0" encoding="UTF-8"?>
<testsuites name="JsonServer" tests="16" time="3.006">
  <testsuite name="Create User" id="332b3756-9719-4b1b-8d61-7597f6b09407" timestamp="2021-02-25T01:40:33.189Z" tests="1" failures="0" errors="0" time="0.240">
    <testcase name="Status code is 201" time="0.162" classname="JsonServer"/>
  </testsuite>
  <testsuite name="Fetch User" id="379b0fbb-8be2-4abd-9126-ccc791481bfa" timestamp="2021-02-25T01:40:33.189Z" tests="2" failures="0" errors="0" time="0.162">
    <testcase name="Status code is 200" time="0.158" classname="JsonServer"/>
    <testcase name="Fetch Employee Details" time="0.158" classname="JsonServer"/>
  </testsuite>
  <testsuite name="Update User" id="b935fe85-e7c2-4c15-a0d2-3d52ae383407" timestamp="2021-02-25T01:40:33.189Z" tests="1" failures="0" errors="0" time="0.177">
    <testcase name="Assert Update User Details" time="0.172" classname="JsonServer"/>
  </testsuite>
  <testsuite name="Delete User" id="cf011653-9a83-4785-9bce-bca7678074ca" timestamp="2021-02-25T01:40:33.189Z" tests="1" failures="0" errors="0" time="0.172">
    <testcase name="Status code is 200" time="0.167" classname="JsonServer"/>
  </testsuite>
</testsuites>